<?xml version="1.0" encoding="UTF-8"?>
<!-- Generated by org.testng.reporters.JUnitReportReporter -->
<testsuite skipped="0" hostname="ADMINRG-5P4SOQB" name="com.datadriven.test.HalfEbayTest" tests="5" failures="0" timestamp="09 Jan 2018 16:41:21 GMT" time="88.817" errors="0">
  <testcase name="halfEbayRegPageTest" time="13.410" classname="com.datadriven.test.HalfEbayTest"/>
  <testcase name="halfEbayRegPageTest" time="14.053" classname="com.datadriven.test.HalfEbayTest"/>
  <testcase name="halfEbayRegPageTest" time="32.604" classname="com.datadriven.test.HalfEbayTest"/>
  <testcase name="halfEbayRegPageTest" time="15.314" classname="com.datadriven.test.HalfEbayTest"/>
  <testcase name="halfEbayRegPageTest" time="13.436" classname="com.datadriven.test.HalfEbayTest"/>
</testsuite> <!-- com.datadriven.test.HalfEbayTest -->
