<?xml version="1.0" encoding="UTF-8"?>
<!-- Generated by org.testng.reporters.JUnitReportReporter -->
<testsuite skipped="0" hostname="ADMINRG-5P4SOQB" name="com.test.TestNgBasics" tests="1" failures="0" timestamp="04 Jan 2018 02:23:24 GMT" time="0.016" errors="0">
  <testcase name="googleTitleTest" time="0.016" classname="com.test.TestNgBasics"/>
</testsuite> <!-- com.test.TestNgBasics -->
