<?xml version="1.0" encoding="UTF-8"?>
<!-- Generated by org.testng.reporters.JUnitReportReporter -->
<testsuite skipped="0" hostname="ADMINRG-5P4SOQB" name="com.test.ExceptionTimeOutTest" tests="1" failures="0" timestamp="04 Jan 2018 02:23:24 GMT" time="0.007" errors="0">
  <testcase name="test1" time="0.007" classname="com.test.ExceptionTimeOutTest"/>
</testsuite> <!-- com.test.ExceptionTimeOutTest -->
