<?xml version="1.0" encoding="UTF-8"?>
<!-- Generated by org.testng.reporters.JUnitReportReporter -->
<testsuite skipped="0" hostname="ADMINRG-5P4SOQB" name="com.test.InvocationCountTest" tests="8" failures="0" timestamp="04 Jan 2018 02:23:24 GMT" time="0.017" errors="0">
  <testcase name="minus" time="0.002" classname="com.test.InvocationCountTest"/>
  <testcase name="minus" time="0.002" classname="com.test.InvocationCountTest"/>
  <testcase name="sum" time="0.002" classname="com.test.InvocationCountTest"/>
  <testcase name="sum" time="0.001" classname="com.test.InvocationCountTest"/>
  <testcase name="sum" time="0.003" classname="com.test.InvocationCountTest"/>
  <testcase name="sum" time="0.001" classname="com.test.InvocationCountTest"/>
  <testcase name="minus" time="0.004" classname="com.test.InvocationCountTest"/>
  <testcase name="sum" time="0.002" classname="com.test.InvocationCountTest"/>
</testsuite> <!-- com.test.InvocationCountTest -->
